#
# A fatal error has been detected by the Java Runtime Environment:
#
#  EXCEPTION_ACCESS_VIOLATION (0xc0000005) at pc=0x702165ee, pid=3936, tid=0x00004e84
#
# JRE version: Java(TM) SE Runtime Environment (8.0_144-b01) (build 1.8.0_144-b01)
# Java VM: Java HotSpot(TM) Client VM (25.144-b01 mixed mode windows-x86 )
# Problematic frame:
# V  [jvm.dll+0xe65ee]
#
# Failed to write core dump. Minidumps are not enabled by default on client versions of Windows
#
# If you would like to submit a bug report, please visit:
#   http://bugreport.java.com/bugreport/crash.jsp
#

---------------  T H R E A D  ---------------

Current thread (0x29155c00):  JavaThread "EventThread COM3" [_thread_in_vm, id=20100, stack(0x27c20000,0x27c70000)]

siginfo: ExceptionCode=0xc0000005, reading address 0x00000000

Registers:
EAX=0x00000000, EBX=0x25b5f5f0, ECX=0x29155c00, EDX=0x0000009f
ESP=0x27c6452c, EBP=0x27c64548, ESI=0x00000000, EDI=0x29155c00
EIP=0x702165ee, EFLAGS=0x00010246

Top of Stack: (sp=0x27c6452c)
0x27c6452c:   27c64564 29155d40 25b5f5f0 29155c00
0x27c6453c:   28ea0074 0000009f 704120b8 27c6fa68
0x27c6454c:   6400183d 29155d40 00000000 00000000
0x27c6455c:   0000b4c0 27c64564 0d300a0d 0a0d300a
0x27c6456c:   300a0d30 0d300a0d 0a0d300a 300a0d30
0x27c6457c:   0d300a0d 0a0d300a 300a0d30 0d300a0d
0x27c6458c:   0a0d300a 300a0d30 0d300a0d 0a0d300a
0x27c6459c:   300a0d30 0d300a0d 0a0d300a 300a0d30 

Instructions: (pc=0x702165ee)
0x702165ce:   c4 08 83 7f 04 00 89 7d f0 c7 45 f4 00 00 00 00
0x702165de:   74 08 8d 4d f0 e8 28 1c 0c 00 8b 75 10 8b 45 0c
0x702165ee:   8b 10 85 f6 78 32 8b 45 14 85 c0 78 2b 8d 0c 06
0x702165fe:   3b 4a 08 77 23 85 c0 7e 3b 8b 4a 04 8b 49 04 83 


Register to memory mapping:

EAX=0x00000000 is an unknown value
EBX=0x25b5f5f0 is an unknown value
ECX=0x29155c00 is a thread
EDX=0x0000009f is an unknown value
ESP=0x27c6452c is pointing into the stack for thread: 0x29155c00
EBP=0x27c64548 is pointing into the stack for thread: 0x29155c00
ESI=0x00000000 is an unknown value
EDI=0x29155c00 is a thread


Stack: [0x27c20000,0x27c70000],  sp=0x27c6452c,  free space=273k
Native frames: (J=compiled Java code, j=interpreted, Vv=VM code, C=native code)
V  [jvm.dll+0xe65ee]
C  [jSSC-2.8_x86.dll+0x183d]
J 7259  jssc.SerialNativeInterface.readBytes(JI)[B (0 bytes) @ 0x027ed725 [0x027ed690+0x95]
J 7224 C1 processing.app.Serial.serialEvent(Ljssc/SerialPortEvent;)V (195 bytes) @ 0x02b1d3f4 [0x02b1d2c0+0x134]
J 7380% C1 jssc.SerialPort$EventThread.run()V (84 bytes) @ 0x0288aaa4 [0x0288a940+0x164]
v  ~StubRoutines::call_stub
V  [jvm.dll+0x15af45]
V  [jvm.dll+0x2213ae]
V  [jvm.dll+0x15afde]
V  [jvm.dll+0x15b166]
V  [jvm.dll+0x15b1d7]
V  [jvm.dll+0xff36f]
V  [jvm.dll+0x17dc30]
V  [jvm.dll+0x17e4aa]
V  [jvm.dll+0x1c2ec6]
C  [msvcr100.dll+0x5c556]
C  [msvcr100.dll+0x5c600]
C  [KERNEL32.DLL+0x18484]
C  [ntdll.dll+0x6305a]
C  [ntdll.dll+0x6302a]
C  0x00000000

Java frames: (J=compiled Java code, j=interpreted, Vv=VM code)
J 7259  jssc.SerialNativeInterface.readBytes(JI)[B (0 bytes) @ 0x027ed6e1 [0x027ed690+0x51]
J 7224 C1 processing.app.Serial.serialEvent(Ljssc/SerialPortEvent;)V (195 bytes) @ 0x02b1d3f4 [0x02b1d2c0+0x134]
J 7380% C1 jssc.SerialPort$EventThread.run()V (84 bytes) @ 0x0288aaa4 [0x0288a940+0x164]
v  ~StubRoutines::call_stub

---------------  P R O C E S S  ---------------

Java Threads: ( => current thread )
=>0x29155c00 JavaThread "EventThread COM3" [_thread_in_vm, id=20100, stack(0x27c20000,0x27c70000)]
  0x29155400 JavaThread "JmDNS(BOMBASSEPORTABLE-mshome-net.local.).State.Timer" daemon [_thread_blocked, id=1972, stack(0x27fd0000,0x28020000)]
  0x29158800 JavaThread "JmDNS(BOMBASSEPORTABLE-mshome-net.local.).Timer" daemon [_thread_blocked, id=11132, stack(0x27d40000,0x27d90000)]
  0x29157c00 JavaThread "SocketListener(BOMBASSEPORTABLE-mshome-net.local.)" daemon [_thread_in_native, id=26844, stack(0x27cb0000,0x27d00000)]
  0x29159400 JavaThread "JmDNS(BOMBASSEPORTABLE.local.).State.Timer" daemon [_thread_blocked, id=27628, stack(0x279c0000,0x27a10000)]
  0x29159800 JavaThread "JmDNS(BOMBASSEPORTABLE.local.).Timer" daemon [_thread_blocked, id=27624, stack(0x27570000,0x275c0000)]
  0x29154000 JavaThread "SocketListener(BOMBASSEPORTABLE.local.)" daemon [_thread_in_native, id=27620, stack(0x27150000,0x271a0000)]
  0x29157400 JavaThread "DestroyJavaVM" [_thread_blocked, id=19028, stack(0x00d70000,0x00dc0000)]
  0x29156000 JavaThread "TimerQueue" daemon [_thread_blocked, id=3100, stack(0x27a80000,0x27ad0000)]
  0x29155000 JavaThread "AWT-EventQueue-0" [_thread_blocked, id=2864, stack(0x27930000,0x27980000)]
  0x29158000 JavaThread "AWT-Shutdown" [_thread_blocked, id=22984, stack(0x278a0000,0x278f0000)]
  0x28f31800 JavaThread "Batik CleanerThread" daemon [_thread_blocked, id=15980, stack(0x26610000,0x26660000)]
  0x28f31400 JavaThread "Timer-0" [_thread_blocked, id=5340, stack(0x29e70000,0x29ec0000)]
  0x28f02400 JavaThread "Multihomed mDNS.Timer" daemon [_thread_blocked, id=24768, stack(0x298f0000,0x29940000)]
  0x28ee4800 JavaThread "cc.arduino.packages.discoverers.serial.SerialBoardsLister" [_thread_blocked, id=25592, stack(0x01060000,0x010b0000)]
  0x2618fc00 JavaThread "AWT-Windows" daemon [_thread_blocked, id=19996, stack(0x266a0000,0x266f0000)]
  0x2618ec00 JavaThread "Java2D Disposer" daemon [_thread_blocked, id=21692, stack(0x26580000,0x265d0000)]
  0x257d2c00 JavaThread "Service Thread" daemon [_thread_blocked, id=21108, stack(0x25e40000,0x25e90000)]
  0x257dc000 JavaThread "C1 CompilerThread0" daemon [_thread_blocked, id=3244, stack(0x25db0000,0x25e00000)]
  0x257da400 JavaThread "Attach Listener" daemon [_thread_blocked, id=15756, stack(0x25d20000,0x25d70000)]
  0x257d8400 JavaThread "Signal Dispatcher" daemon [_thread_blocked, id=2420, stack(0x25c90000,0x25ce0000)]
  0x257bc800 JavaThread "Finalizer" daemon [_thread_blocked, id=20536, stack(0x259e0000,0x25a30000)]
  0x257a6c00 JavaThread "Reference Handler" daemon [_thread_blocked, id=15856, stack(0x047b0000,0x04800000)]

Other Threads:
  0x00d0e800 VMThread [stack: 0x01210000,0x01260000] [id=16372]
  0x25800000 WatcherThread [stack: 0x25ed0000,0x25f20000] [id=20852]

VM state:synchronizing (normal execution)

VM Mutex/Monitor currently owned by a thread:  ([mutex/lock_event])
[0x007adfc0] Threads_lock - owner thread: 0x00d0e800
[0x007adc18] Heap_lock - owner thread: 0x29155000

Heap:
 def new generation   total 157248K, used 157248K [0x04800000, 0x0f2a0000, 0x0f2a0000)
  eden space 139776K, 100% used [0x04800000, 0x0d080000, 0x0d080000)
  from space 17472K, 100% used [0x0e190000, 0x0f2a0000, 0x0f2a0000)
  to   space 17472K,   0% used [0x0d080000, 0x0d080000, 0x0e190000)
 tenured generation   total 349568K, used 349568K [0x0f2a0000, 0x24800000, 0x24800000)
   the space 349568K, 100% used [0x0f2a0000, 0x24800000, 0x24800000, 0x24800000)
 Metaspace       used 19619K, capacity 20346K, committed 20608K, reserved 20864K

Card table byte_map: [0x010c0000,0x011d0000] byte_map_base: 0x0109c000

Polling page: 0x003a0000

CodeCache: size=32768Kb used=2096Kb max_used=4931Kb free=30671Kb
 bounds [0x026c0000, 0x02b98000, 0x046c0000]
 total_blobs=1337 nmethods=1054 adapters=211
 compilation: enabled

Compilation events (10 events):
Event: 66210.290 Thread 0x257dc000 9895             javax.swing.plaf.basic.BasicTextAreaUI$PlainParagraph$LogicalView::loadChildren (37 bytes)
Event: 66210.290 Thread 0x257dc000 nmethod 9895 0x02b15d48 code [0x02b15e80, 0x02b160c0]
Event: 66210.290 Thread 0x257dc000 9896             javax.swing.text.AbstractDocument$LeafElement::getElementCount (2 bytes)
Event: 66210.290 Thread 0x257dc000 nmethod 9896 0x02796148 code [0x02796240, 0x027962c0]
Event: 66210.290 Thread 0x257dc000 9897   !         sun.reflect.GeneratedConstructorAccessor15::newInstance (49 bytes)
Event: 66210.291 Thread 0x257dc000 nmethod 9897 0x028975c8 code [0x02897710, 0x02897a5c]
Event: 66210.298 Thread 0x257dc000 9898 %           javax.swing.text.CompositeView::loadChildren @ 30 (70 bytes)
Event: 66210.298 Thread 0x257dc000 nmethod 9898% 0x02896f88 code [0x028970d0, 0x028973c0]
Event: 66211.157 Thread 0x257dc000 9899   !         java.lang.ref.ReferenceQueue::enqueue (119 bytes)
Event: 66211.158 Thread 0x257dc000 nmethod 9899 0x02896988 code [0x02896aa0, 0x02896dec]

GC Heap History (10 events):
Event: 66220.809 GC heap before
{Heap before GC invocations=65 (full 15):
 def new generation   total 157248K, used 157247K [0x04800000, 0x0f2a0000, 0x0f2a0000)
  eden space 139776K, 100% used [0x04800000, 0x0d080000, 0x0d080000)
  from space 17472K,  99% used [0x0e190000, 0x0f29ff30, 0x0f2a0000)
  to   space 17472K,   0% used [0x0d080000, 0x0d080000, 0x0e190000)
 tenured generation   total 349568K, used 349568K [0x0f2a0000, 0x24800000, 0x24800000)
   the space 349568K, 100% used [0x0f2a0000, 0x24800000, 0x24800000, 0x24800000)
 Metaspace       used 19619K, capacity 20346K, committed 20608K, reserved 20864K
Event: 66221.616 GC heap after
Heap after GC invocations=66 (full 16):
 def new generation   total 157248K, used 157243K [0x04800000, 0x0f2a0000, 0x0f2a0000)
  eden space 139776K, 100% used [0x04800000, 0x0d080000, 0x0d080000)
  from space 17472K,  99% used [0x0e190000, 0x0f29ed10, 0x0f2a0000)
  to   space 17472K,   0% used [0x0d080000, 0x0d080000, 0x0e190000)
 tenured generation   total 349568K, used 349568K [0x0f2a0000, 0x24800000, 0x24800000)
   the space 349568K, 100% used [0x0f2a0000, 0x24800000, 0x24800000, 0x24800000)
 Metaspace       used 19619K, capacity 20346K, committed 20608K, reserved 20864K
}
Event: 66221.616 GC heap before
{Heap before GC invocations=66 (full 16):
 def new generation   total 157248K, used 157247K [0x04800000, 0x0f2a0000, 0x0f2a0000)
  eden space 139776K, 100% used [0x04800000, 0x0d080000, 0x0d080000)
  from space 17472K,  99% used [0x0e190000, 0x0f29ffd8, 0x0f2a0000)
  to   space 17472K,   0% used [0x0d080000, 0x0d080000, 0x0e190000)
 tenured generation   total 349568K, used 349568K [0x0f2a0000, 0x24800000, 0x24800000)
   the space 349568K, 100% used [0x0f2a0000, 0x24800000, 0x24800000, 0x24800000)
 Metaspace       used 19619K, capacity 20346K, committed 20608K, reserved 20864K
Event: 66222.402 GC heap after
Heap after GC invocations=67 (full 17):
 def new generation   total 157248K, used 157243K [0x04800000, 0x0f2a0000, 0x0f2a0000)
  eden space 139776K, 100% used [0x04800000, 0x0d080000, 0x0d080000)
  from space 17472K,  99% used [0x0e190000, 0x0f29ee50, 0x0f2a0000)
  to   space 17472K,   0% used [0x0d080000, 0x0d080000, 0x0e190000)
 tenured generation   total 349568K, used 349568K [0x0f2a0000, 0x24800000, 0x24800000)
   the space 349568K, 100% used [0x0f2a0000, 0x24800000, 0x24800000, 0x24800000)
 Metaspace       used 19619K, capacity 20346K, committed 20608K, reserved 20864K
}
Event: 66222.403 GC heap before
{Heap before GC invocations=67 (full 17):
 def new generation   total 157248K, used 157247K [0x04800000, 0x0f2a0000, 0x0f2a0000)
  eden space 139776K, 100% used [0x04800000, 0x0d080000, 0x0d080000)
  from space 17472K,  99% used [0x0e190000, 0x0f29fff0, 0x0f2a0000)
  to   space 17472K,   0% used [0x0d080000, 0x0d080000, 0x0e190000)
 tenured generation   total 349568K, used 349568K [0x0f2a0000, 0x24800000, 0x24800000)
   the space 349568K, 100% used [0x0f2a0000, 0x24800000, 0x24800000, 0x24800000)
 Metaspace       used 19619K, capacity 20346K, committed 20608K, reserved 20864K
Event: 66223.194 GC heap after
Heap after GC invocations=68 (full 18):
 def new generation   total 157248K, used 157232K [0x04800000, 0x0f2a0000, 0x0f2a0000)
  eden space 139776K, 100% used [0x04800000, 0x0d080000, 0x0d080000)
  from space 17472K,  99% used [0x0e190000, 0x0f29c318, 0x0f2a0000)
  to   space 17472K,   0% used [0x0d080000, 0x0d080000, 0x0e190000)
 tenured generation   total 349568K, used 349568K [0x0f2a0000, 0x24800000, 0x24800000)
   the space 349568K, 100% used [0x0f2a0000, 0x24800000, 0x24800000, 0x24800000)
 Metaspace       used 19619K, capacity 20346K, committed 20608K, reserved 20864K
}
Event: 66223.195 GC heap before
{Heap before GC invocations=68 (full 18):
 def new generation   total 157248K, used 157240K [0x04800000, 0x0f2a0000, 0x0f2a0000)
  eden space 139776K, 100% used [0x04800000, 0x0d080000, 0x0d080000)
  from space 17472K,  99% used [0x0e190000, 0x0f29e0f0, 0x0f2a0000)
  to   space 17472K,   0% used [0x0d080000, 0x0d080000, 0x0e190000)
 tenured generation   total 349568K, used 349568K [0x0f2a0000, 0x24800000, 0x24800000)
   the space 349568K, 100% used [0x0f2a0000, 0x24800000, 0x24800000, 0x24800000)
 Metaspace       used 19619K, capacity 20346K, committed 20608K, reserved 20864K
Event: 66224.029 GC heap after
Heap after GC invocations=69 (full 19):
 def new generation   total 157248K, used 157238K [0x04800000, 0x0f2a0000, 0x0f2a0000)
  eden space 139776K, 100% used [0x04800000, 0x0d080000, 0x0d080000)
  from space 17472K,  99% used [0x0e190000, 0x0f29d9c0, 0x0f2a0000)
  to   space 17472K,   0% used [0x0d080000, 0x0d080000, 0x0e190000)
 tenured generation   total 349568K, used 349568K [0x0f2a0000, 0x24800000, 0x24800000)
   the space 349568K, 100% used [0x0f2a0000, 0x24800000, 0x24800000, 0x24800000)
 Metaspace       used 19619K, capacity 20346K, committed 20608K, reserved 20864K
}
Event: 66224.029 GC heap before
{Heap before GC invocations=69 (full 19):
 def new generation   total 157248K, used 157238K [0x04800000, 0x0f2a0000, 0x0f2a0000)
  eden space 139776K, 100% used [0x04800000, 0x0d080000, 0x0d080000)
  from space 17472K,  99% used [0x0e190000, 0x0f29d9c0, 0x0f2a0000)
  to   space 17472K,   0% used [0x0d080000, 0x0d080000, 0x0e190000)
 tenured generation   total 349568K, used 349568K [0x0f2a0000, 0x24800000, 0x24800000)
   the space 349568K, 100% used [0x0f2a0000, 0x24800000, 0x24800000, 0x24800000)
 Metaspace       used 19619K, capacity 20346K, committed 20608K, reserved 20864K
Event: 66224.829 GC heap after
Heap after GC invocations=70 (full 20):
 def new generation   total 157248K, used 157238K [0x04800000, 0x0f2a0000, 0x0f2a0000)
  eden space 139776K, 100% used [0x04800000, 0x0d080000, 0x0d080000)
  from space 17472K,  99% used [0x0e190000, 0x0f29d9c0, 0x0f2a0000)
  to   space 17472K,   0% used [0x0d080000, 0x0d080000, 0x0e190000)
 tenured generation   total 349568K, used 349568K [0x0f2a0000, 0x24800000, 0x24800000)
   the space 349568K, 100% used [0x0f2a0000, 0x24800000, 0x24800000, 0x24800000)
 Metaspace       used 19619K, capacity 20346K, committed 20608K, reserved 20864K
}

Deoptimization events (0 events):
No events

Internal exceptions (10 events):
Event: 65772.036 Thread 0x29158c00 Exception <a 'sun/nio/fs/WindowsException'> (0x054857e8) thrown at [C:\workspace\8-2-build-windows-i586-cygwin\jdk8u144\9417\hotspot\src\share\vm\prims\jni.cpp, line 709]
Event: 65772.037 Thread 0x29158c00 Exception <a 'sun/nio/fs/WindowsException'> (0x0549f930) thrown at [C:\workspace\8-2-build-windows-i586-cygwin\jdk8u144\9417\hotspot\src\share\vm\prims\jni.cpp, line 709]
Event: 65772.037 Thread 0x29158c00 Exception <a 'sun/nio/fs/WindowsException'> (0x0549fe48) thrown at [C:\workspace\8-2-build-windows-i586-cygwin\jdk8u144\9417\hotspot\src\share\vm\prims\jni.cpp, line 709]
Event: 65772.040 Thread 0x29158c00 Exception <a 'sun/nio/fs/WindowsException'> (0x054f8310) thrown at [C:\workspace\8-2-build-windows-i586-cygwin\jdk8u144\9417\hotspot\src\share\vm\prims\jni.cpp, line 709]
Event: 65772.040 Thread 0x29158c00 Exception <a 'sun/nio/fs/WindowsException'> (0x054f8818) thrown at [C:\workspace\8-2-build-windows-i586-cygwin\jdk8u144\9417\hotspot\src\share\vm\prims\jni.cpp, line 709]
Event: 65772.042 Thread 0x29158c00 Exception <a 'sun/nio/fs/WindowsException'> (0x05504990) thrown at [C:\workspace\8-2-build-windows-i586-cygwin\jdk8u144\9417\hotspot\src\share\vm\prims\jni.cpp, line 709]
Event: 65772.042 Thread 0x29158c00 Exception <a 'sun/nio/fs/WindowsException'> (0x05504e98) thrown at [C:\workspace\8-2-build-windows-i586-cygwin\jdk8u144\9417\hotspot\src\share\vm\prims\jni.cpp, line 709]
Event: 65772.045 Thread 0x29158c00 Exception <a 'sun/nio/fs/WindowsException'> (0x05519f48) thrown at [C:\workspace\8-2-build-windows-i586-cygwin\jdk8u144\9417\hotspot\src\share\vm\prims\jni.cpp, line 709]
Event: 65772.045 Thread 0x29158c00 Exception <a 'sun/nio/fs/WindowsException'> (0x0551a4a0) thrown at [C:\workspace\8-2-build-windows-i586-cygwin\jdk8u144\9417\hotspot\src\share\vm\prims\jni.cpp, line 709]
Event: 66224.829 Thread 0x29155c00 Exception <a 'java/lang/OutOfMemoryError'> (0x0f47c2f0) thrown at [C:\workspace\8-2-build-windows-i586-cygwin\jdk8u144\9417\hotspot\src\share\vm\gc_interface/collectedHeap.inline.hpp, line 159]

Events (10 events):
Event: 66220.809 Executing VM operation: GenCollectForAllocation done
Event: 66220.809 Executing VM operation: GenCollectForAllocation
Event: 66221.616 Executing VM operation: GenCollectForAllocation done
Event: 66221.616 Executing VM operation: GenCollectForAllocation
Event: 66222.402 Executing VM operation: GenCollectForAllocation done
Event: 66222.403 Executing VM operation: GenCollectForAllocation
Event: 66223.194 Executing VM operation: GenCollectForAllocation done
Event: 66223.195 Executing VM operation: GenCollectForAllocation
Event: 66224.829 Executing VM operation: GenCollectForAllocation done
Event: 66224.829 Executing VM operation: GenCollectForAllocation


Dynamic libraries:
0x01270000 - 0x012a3000 	C:\Program Files (x86)\Arduino\java\bin\javaw.exe
0x774e0000 - 0x77670000 	C:\WINDOWS\SYSTEM32\ntdll.dll
0x75cf0000 - 0x75dd0000 	C:\WINDOWS\System32\KERNEL32.DLL
0x6ca00000 - 0x6ca2f000 	C:\Program Files\AVAST Software\Avast\aswhookx.dll
0x744f0000 - 0x746d4000 	C:\WINDOWS\System32\KERNELBASE.dll
0x75120000 - 0x75198000 	C:\WINDOWS\System32\ADVAPI32.dll
0x75360000 - 0x7541f000 	C:\WINDOWS\System32\msvcrt.dll
0x74a80000 - 0x74ac4000 	C:\WINDOWS\System32\sechost.dll
0x746e0000 - 0x747a0000 	C:\WINDOWS\System32\RPCRT4.dll
0x73da0000 - 0x73dc0000 	C:\WINDOWS\System32\SspiCli.dll
0x73d90000 - 0x73d9a000 	C:\WINDOWS\System32\CRYPTBASE.dll
0x74b90000 - 0x74be8000 	C:\WINDOWS\System32\bcryptPrimitives.dll
0x75ad0000 - 0x75c5d000 	C:\WINDOWS\System32\USER32.dll
0x77370000 - 0x77387000 	C:\WINDOWS\System32\win32u.dll
0x74a50000 - 0x74a72000 	C:\WINDOWS\System32\GDI32.dll
0x75eb0000 - 0x76014000 	C:\WINDOWS\System32\gdi32full.dll
0x75700000 - 0x7577d000 	C:\WINDOWS\System32\msvcp_win.dll
0x75440000 - 0x7555e000 	C:\WINDOWS\System32\ucrtbase.dll
0x6f900000 - 0x6fb04000 	C:\WINDOWS\WinSxS\x86_microsoft.windows.common-controls_6595b64144ccf1df_6.0.17134.345_none_42efd13044e18c5e\COMCTL32.dll
0x75780000 - 0x759dc000 	C:\WINDOWS\System32\combase.dll
0x74b60000 - 0x74b86000 	C:\WINDOWS\System32\IMM32.DLL
0x70690000 - 0x7074f000 	C:\Program Files (x86)\Arduino\java\bin\msvcr100.dll
0x70130000 - 0x704fe000 	C:\Program Files (x86)\Arduino\java\bin\client\jvm.dll
0x77390000 - 0x77396000 	C:\WINDOWS\System32\PSAPI.DLL
0x72fe0000 - 0x72fe8000 	C:\WINDOWS\SYSTEM32\WSOCK32.dll
0x74af0000 - 0x74b57000 	C:\WINDOWS\System32\WS2_32.dll
0x739e0000 - 0x73a04000 	C:\WINDOWS\SYSTEM32\WINMM.dll
0x73990000 - 0x73998000 	C:\WINDOWS\SYSTEM32\VERSION.dll
0x736d0000 - 0x736f3000 	C:\WINDOWS\SYSTEM32\WINMMBASE.dll
0x759e0000 - 0x75a19000 	C:\WINDOWS\System32\cfgmgr32.dll
0x70660000 - 0x70690000 	C:\Program Files (x86)\Arduino\java\bin\splashscreen.dll
0x73a10000 - 0x73a8c000 	C:\WINDOWS\system32\uxtheme.dll
0x70800000 - 0x7080c000 	C:\Program Files (x86)\Arduino\java\bin\verify.dll
0x75200000 - 0x75344000 	C:\WINDOWS\System32\MSCTF.dll
0x73dc0000 - 0x73e56000 	C:\WINDOWS\System32\OLEAUT32.dll
0x70630000 - 0x70651000 	C:\Program Files (x86)\Arduino\java\bin\java.dll
0x70610000 - 0x70623000 	C:\Program Files (x86)\Arduino\java\bin\zip.dll
0x67ad0000 - 0x67aff000 	C:\Program Files\Nahimic\NahimicMSI\UserInterface\NahimicMSIDevProps.dll
0x76020000 - 0x7736a000 	C:\WINDOWS\System32\SHELL32.dll
0x75c60000 - 0x75ce8000 	C:\WINDOWS\System32\shcore.dll
0x73e70000 - 0x74429000 	C:\WINDOWS\System32\windows.storage.dll
0x75e60000 - 0x75ea5000 	C:\WINDOWS\System32\shlwapi.dll
0x74ae0000 - 0x74aef000 	C:\WINDOWS\System32\kernel.appcore.dll
0x75420000 - 0x75438000 	C:\WINDOWS\System32\profapi.dll
0x773a0000 - 0x773e5000 	C:\WINDOWS\System32\powrprof.dll
0x75350000 - 0x75358000 	C:\WINDOWS\System32\FLTLIB.DLL
0x74bf0000 - 0x74cec000 	C:\WINDOWS\System32\ole32.dll
0x67b30000 - 0x67b75000 	C:\Program Files\Nahimic\NahimicMSI\UserInterface\NahimicMSIOSD.dll
0x64570000 - 0x645ed000 	C:\WINDOWS\System32\TextInputFramework.dll
0x68c30000 - 0x68e8d000 	C:\WINDOWS\System32\CoreUIComponents.dll
0x68e90000 - 0x68f1b000 	C:\WINDOWS\System32\CoreMessaging.dll
0x6eec0000 - 0x6eee9000 	C:\WINDOWS\SYSTEM32\ntmarta.dll
0x6e620000 - 0x6e6f6000 	C:\WINDOWS\SYSTEM32\wintypes.dll
0x73930000 - 0x73953000 	C:\WINDOWS\system32\dwmapi.dll
0x75dd0000 - 0x75e53000 	C:\WINDOWS\System32\clbcatq.dll
0x6e890000 - 0x6e8ec000 	C:\WINDOWS\System32\MMDevApi.dll
0x6e860000 - 0x6e882000 	C:\WINDOWS\System32\DEVOBJ.dll
0x73320000 - 0x734a0000 	C:\WINDOWS\System32\PROPSYS.dll
0x6e700000 - 0x6e7fb000 	C:\WINDOWS\SYSTEM32\AUDIOSES.DLL
0x6e800000 - 0x6e808000 	C:\WINDOWS\SYSTEM32\AVRT.dll
0x61940000 - 0x619b2000 	C:\Program Files (x86)\Arduino\lib\listSerialsj.dll
0x74cf0000 - 0x7511b000 	C:\WINDOWS\System32\SETUPAPI.dll
0x705f0000 - 0x7060d000 	C:\Program Files (x86)\Arduino\lib\jnidispatch-4.2.2-win32-x86.dll
0x705d0000 - 0x705e6000 	C:\Program Files (x86)\Arduino\java\bin\net.dll
0x70f10000 - 0x70f66000 	C:\WINDOWS\system32\mswsock.dll
0x705c0000 - 0x705cf000 	C:\Program Files (x86)\Arduino\java\bin\nio.dll
0x6ffe0000 - 0x70125000 	C:\Program Files (x86)\Arduino\java\bin\awt.dll
0x73cf0000 - 0x73d8d000 	C:\WINDOWS\SYSTEM32\apphelp.dll
0x70580000 - 0x705b9000 	C:\Program Files (x86)\Arduino\java\bin\fontmanager.dll
0x66e80000 - 0x66f59000 	C:\WINDOWS\system32\opengl32.dll
0x6ffa0000 - 0x6ffdf000 	C:\WINDOWS\SYSTEM32\GLU32.dll
0x6ca60000 - 0x6ca92000 	C:\Program Files (x86)\Arduino\java\bin\t2k.dll
0x74490000 - 0x744d7000 	C:\WINDOWS\System32\WINTRUST.dll
0x744e0000 - 0x744ee000 	C:\WINDOWS\System32\MSASN1.dll
0x75560000 - 0x756f6000 	C:\WINDOWS\System32\CRYPT32.dll
0x732f0000 - 0x73320000 	C:\WINDOWS\SYSTEM32\IPHLPAPI.DLL
0x74ad0000 - 0x74ad7000 	C:\WINDOWS\System32\NSI.dll
0x70b60000 - 0x70b73000 	C:\WINDOWS\SYSTEM32\dhcpcsvc6.DLL
0x70b40000 - 0x70b54000 	C:\WINDOWS\SYSTEM32\dhcpcsvc.DLL
0x72600000 - 0x7268e000 	C:\WINDOWS\SYSTEM32\DNSAPI.dll
0x6ede0000 - 0x6ede8000 	C:\Windows\System32\rasadhlp.dll
0x6ee70000 - 0x6eebf000 	C:\WINDOWS\System32\fwpuclnt.dll
0x732d0000 - 0x732e9000 	C:\WINDOWS\SYSTEM32\bcrypt.dll
0x66e10000 - 0x66e79000 	C:\Program Files (x86)\Arduino\msvcp100.dll
0x51700000 - 0x517be000 	C:\Program Files (x86)\Arduino\msvcr100.dll
0x272c0000 - 0x272f2000 	C:\Program Files (x86)\Arduino\lib\AStylej.dll
0x6ca30000 - 0x6ca54000 	C:\Program Files (x86)\Arduino\java\bin\dcpr.dll
0x640b0000 - 0x64221000 	C:\WINDOWS\SYSTEM32\WindowsCodecs.dll
0x64ec0000 - 0x64f0f000 	C:\WINDOWS\system32\dataexchange.dll
0x66a20000 - 0x66c72000 	C:\WINDOWS\system32\d3d11.dll
0x657b0000 - 0x658ec000 	C:\WINDOWS\system32\dcomp.dll
0x6dd90000 - 0x6de28000 	C:\WINDOWS\system32\dxgi.dll
0x64f10000 - 0x65075000 	C:\WINDOWS\system32\twinapi.appcore.dll
0x65790000 - 0x657aa000 	C:\WINDOWS\system32\RMCLIENT.dll
0x74800000 - 0x748d6000 	C:\WINDOWS\System32\COMDLG32.dll
0x28070000 - 0x280f5000 	C:\Program Files (x86)\Common Files\microsoft shared\ink\tiptsf.dll
0x584c0000 - 0x584fd000 	C:\WINDOWS\SYSTEM32\edputil.dll
0x28100000 - 0x28224000 	C:\WINDOWS\system32\NetworkExplorer.dll
0x64520000 - 0x6456a000 	C:\Windows\System32\thumbcache.dll
0x708b0000 - 0x70978000 	C:\WINDOWS\SYSTEM32\ntshrui.dll
0x71420000 - 0x7143c000 	C:\WINDOWS\SYSTEM32\srvcli.dll
0x708a0000 - 0x708af000 	C:\WINDOWS\SYSTEM32\cscapi.dll
0x28970000 - 0x289f4000 	C:\WINDOWS\System32\StructuredQuery.dll
0x644b0000 - 0x6451d000 	C:\WINDOWS\SYSTEM32\policymanager.dll
0x64440000 - 0x644a7000 	C:\WINDOWS\System32\msvcp110_win.dll
0x29b70000 - 0x29c18000 	C:\WINDOWS\system32\Windows.Storage.Search.dll
0x6ec60000 - 0x6ec7a000 	C:\WINDOWS\System32\CLDAPI.dll
0x2def0000 - 0x2e046000 	C:\Users\ririf\AppData\Local\Microsoft\OneDrive\18.151.0729.0012\FileSyncShell.dll
0x67930000 - 0x67939000 	C:\WINDOWS\SYSTEM32\ktmw32.dll
0x72750000 - 0x72b55000 	C:\WINDOWS\SYSTEM32\WININET.dll
0x58430000 - 0x584bb000 	C:\Windows\System32\Windows.StateRepositoryPS.dll
0x73790000 - 0x7392c000 	C:\WINDOWS\SYSTEM32\urlmon.dll
0x734a0000 - 0x736c8000 	C:\WINDOWS\SYSTEM32\iertutil.dll
0x64b90000 - 0x64eb8000 	C:\Windows\System32\OneCoreUAPCommonProxyStub.dll
0x72380000 - 0x72393000 	C:\WINDOWS\SYSTEM32\CRYPTSP.dll
0x72350000 - 0x7237f000 	C:\WINDOWS\system32\rsaenh.dll
0x73960000 - 0x73981000 	C:\WINDOWS\SYSTEM32\USERENV.dll
0x64000000 - 0x6401b000 	C:\Program Files (x86)\Arduino\lib\jSSC-2.8_x86.dll
0x6fb50000 - 0x6fcd2000 	C:\WINDOWS\SYSTEM32\dbghelp.dll

VM Arguments:
jvm_args: -Dsun.java2d.d3d=false -Djna.nosys=true -Djna.nounpack=true -Djna.boot.library.name=jnidispatch-4.2.2-win32-x86 -Djna.boot.library.path=C:\Program Files (x86)\Arduino/lib -Djssc.library.path=C:\Program Files (x86)\Arduino/lib -DAPP_DIR=C:\Program Files (x86)\Arduino -Xms128M -Xmx512M 
java_command: processing.app.Base F:\Documents\GitHub\PITAYA\Carte double pro micro\pitaya_ws2812_002_150led\pitaya_ws2812_002_150led.ino
java_class_path (initial): C:\Program Files (x86)\Arduino\lib\apple.jar;C:\Program Files (x86)\Arduino\lib\arduino-core.jar;C:\Program Files (x86)\Arduino\lib\batik-1.8.jar;C:\Program Files (x86)\Arduino\lib\batik-anim-1.8.jar;C:\Program Files (x86)\Arduino\lib\batik-awt-util-1.8.jar;C:\Program Files (x86)\Arduino\lib\batik-bridge-1.8.jar;C:\Program Files (x86)\Arduino\lib\batik-codec-1.8.jar;C:\Program Files (x86)\Arduino\lib\batik-css-1.8.jar;C:\Program Files (x86)\Arduino\lib\batik-dom-1.8.jar;C:\Program Files (x86)\Arduino\lib\batik-ext-1.8.jar;C:\Program Files (x86)\Arduino\lib\batik-gvt-1.8.jar;C:\Program Files (x86)\Arduino\lib\batik-parser-1.8.jar;C:\Program Files (x86)\Arduino\lib\batik-rasterizer-1.8.jar;C:\Program Files (x86)\Arduino\lib\batik-script-1.8.jar;C:\Program Files (x86)\Arduino\lib\batik-squiggle-1.8.jar;C:\Program Files (x86)\Arduino\lib\batik-svg-dom-1.8.jar;C:\Program Files (x86)\Arduino\lib\batik-svgpp-1.8.jar;C:\Program Files (x86)\Arduino\lib\batik-transcoder-1.8.jar;C:\Program Files (x86)\Arduino\lib\batik-util-1.8.jar;C:\Program Files (x86)\Arduino\lib\batik-xml-1.8.jar;C:\Program Files (x86)\Arduino\lib\bcpg-jdk15on-152.jar;C:\Program Files (x86)\Arduino\lib\bcprov-jdk15on-152.jar;C:\Program Files (x86)\Arduino\lib\commons-codec-1.7.jar;C:\Program Files (x86)\Arduino\lib\commons-compress-1.8.jar;C:\Program Files (x86)\Arduino\lib\commons-exec-1.1.jar;C:\Program Files (x86)\Arduino\lib\commons-httpclient-3.1.jar;C:\Program Files (x86)\Arduino\lib\commons-lang3-3.3.2.jar;C:\Program Files (x86)\Arduino\lib\commons-logging-1.0.4.jar;C:\Program Files (x86)\Arduino\lib\commons-net-3.3.jar;C:\Program Files (x86)\Arduino\lib\jackson-annotations-2.6.3.jar;C:\Program Files (x86)\Arduino\lib\jackson-core-2.6.3.jar;C:\Program Files (x86)\Arduino\lib\jackson-databind-2.6.3.jar;C:\Program Files (x86)\Arduino\lib\jackson-module-mrbean-2.6.3.jar;C:\Program Files (x86)\Arduino\lib\java-semver-0.8.0.jar;C:\Program Files (x86)\Arduino\lib\jmdns-3.5.1.j
Launcher Type: SUN_STANDARD

Environment Variables:
PATH=C:\Program Files (x86)\Intel\iCLS Client\;C:\ProgramData\Oracle\Java\javapath;C:\Program Files\Intel\iCLS Client\;C:\Windows\system32;C:\Windows;C:\Windows\System32\Wbem;C:\Windows\System32\WindowsPowerShell\v1.0\;C:\Program Files (x86)\NVIDIA Corporation\PhysX\Common;C:\Program Files\Intel\WiFi\bin\;C:\Program Files\Common Files\Intel\WirelessCommon\;C:\WINDOWS\system32;C:\WINDOWS;C:\WINDOWS\System32\Wbem;C:\WINDOWS\System32\WindowsPowerShell\v1.0\;C:\Program Files\PuTTY\;C:\Program Files (x86)\QuickTime\QTSystem\;C:\Program Files\Git\cmd;C:\Program Files\LLVM\bin;C:\Program Files (x86)\Intel\Intel(R) Management Engine Components\DAL;C:\Program Files\Intel\Intel(R) Management Engine Components\DAL;C:\Program Files (x86)\Intel\Intel(R) Management Engine Components\IPT;C:\Program Files\Intel\Intel(R) Management Engine Components\IPT;;C:\WINDOWS\System32\OpenSSH\;C:\Users\ririf\AppData\Local\Microsoft\WindowsApps;C:\Program Files\Microsoft VS Code\bin;C:\Users\ririf\AppData\Local\atom\bin;C:\Users\ririf\AppData\Local\GitHubDesktop\bin;%USERPROFILE%\AppData\Local\Microsoft\WindowsApps;;C:\Program Files (x86)\Arduino\java\bin
USERNAME=ririf
OS=Windows_NT
PROCESSOR_IDENTIFIER=Intel64 Family 6 Model 94 Stepping 3, GenuineIntel



---------------  S Y S T E M  ---------------

OS: Windows 10.0 , 64 bit Build 17134 (10.0.17134.1)

CPU:total 8 (initial active 8) (4 cores per cpu, 2 threads per core) family 6 model 94 stepping 3, cmov, cx8, fxsr, mmx, sse, sse2, sse3, ssse3, sse4.1, sse4.2, popcnt, avx, avx2, aes, clmul, erms, rtm, 3dnowpref, lzcnt, ht, tsc, tscinvbit, bmi1, bmi2, adx

Memory: 4k page, physical 8297216k(1025892k free), swap 17524276k(2467380k free)

vm_info: Java HotSpot(TM) Client VM (25.144-b01) for windows-x86 JRE (1.8.0_144-b01), built on Jul 21 2017 21:58:05 by "java_re" with MS VC++ 10.0 (VS2010)

time: Mon Oct 15 13:28:55 2018
elapsed time: 66224 seconds (0d 18h 23m 44s)

